<?xml version="1.0" encoding="UTF-8"?>
<!-- Generated by org.testng.reporters.JUnitReportReporter -->
<testsuite skipped="0" hostname="DESKTOP-42HF2H5" name="Vodafone.Practise" tests="1" failures="0" timestamp="13 Apr 2018 04:30:44 GMT" time="0.010" errors="0">
  <testcase name="Login" time="0.010" classname="Vodafone.Practise"/>
</testsuite> <!-- Vodafone.Practise -->
